<?xml version="1.0" encoding="UTF-8"?>
<!-- Generated by org.testng.reporters.JUnitXMLReporter -->
<testsuite ignored="0" hostname="DESKTOP-A4C41UP" failures="0" tests="3" name="Default test" time="54.963" errors="0" timestamp="2024-05-28T18:20:09 IST">
  <testcase classname="com.comcast.crm.orgtest.CreateOrganizationAllBaseClassTest" name="CreateOrganizationsPage" time="11.812"/>
  <testcase classname="com.comcast.crm.orgtest.CreateOrganizationAllBaseClassTest" name="CreatingNewOrganizationPagewithIndustry" time="12.145"/>
  <testcase classname="com.comcast.crm.orgtest.CreateOrganizationAllBaseClassTest" name="CreatingNewOrganizationPagewithPhonenum" time="11.795"/>
</testsuite> <!-- Default test -->
