<?xml version="1.0" encoding="UTF-8"?>
<!-- Generated by org.testng.reporters.JUnitXMLReporter -->
<testsuite ignored="2" hostname="DESKTOP-A4C41UP" failures="0" tests="1" name="Test" time="21.386" errors="0" timestamp="2024-05-22T15:08:36 IST">
  <testcase classname="com.comcast.crm.orgtest.CreateOrganizationAllBaseClassTest" name="CreateOrganizationsPage" time="11.968"/>
  <testcase classname="com.comcast.crm.orgtest.CreateOrganizationAllBaseClassTest" name="CreatingNewOrganizationPagewithPhonenum" time="0.0">
    <ignored/>
  </testcase> <!-- CreatingNewOrganizationPagewithPhonenum -->
  <testcase classname="com.comcast.crm.orgtest.CreateOrganizationAllBaseClassTest" name="CreatingNewOrganizationPagewithIndustry" time="0.0">
    <ignored/>
  </testcase> <!-- CreatingNewOrganizationPagewithIndustry -->
</testsuite> <!-- Test -->
