<?xml version="1.0" encoding="UTF-8"?>
<!-- Generated by org.testng.reporters.JUnitXMLReporter -->
<testsuite ignored="2" hostname="DESKTOP-A4C41UP" failures="0" tests="6" name="TestRunner=Firefox" time="151.976" errors="0" timestamp="2024-05-15T17:31:02 IST">
  <testcase classname="com.comcast.crm.orgtest.CreateOrganizationAllBaseClassTest" name="CreateOrganizationsPage" time="13.008"/>
  <testcase classname="com.comcast.crm.orgtest.CreateOrganizationAllBaseClassTest" name="CreatingNewOrganizationPagewithIndustry" time="14.305"/>
  <testcase classname="com.comcast.crm.orgtest.CreateOrganizationAllBaseClassTest" name="CreatingNewOrganizationPagewithPhonenum" time="14.528"/>
  <testcase classname="com.comcast.crm.contacttest.CreateContactAllBaseClassTest" name="CreateContactTest" time="13.73"/>
  <testcase classname="com.comcast.crm.contacttest.CreateContactAllBaseClassTest" name="CreateContactWithOrganizationTest" time="29.038"/>
  <testcase classname="com.comcast.crm.contacttest.CreateContactAllBaseClassTest" name="CreateContactWithSupportDateTest" time="13.356"/>
  <testcase classname="com.comcast.crm.basetest.BaseClassTest" name="@AfterSuite configAS" time="0.0">
    <ignored/>
  </testcase> <!-- @AfterSuite configAS -->
  <testcase classname="com.comcast.crm.basetest.BaseClassTest" name="@BeforeSuite configBS" time="0.0">
    <ignored/>
  </testcase> <!-- @BeforeSuite configBS -->
</testsuite> <!-- TestRunner=Firefox -->
