<?xml version="1.0" encoding="UTF-8"?>
<!-- Generated by org.testng.reporters.JUnitXMLReporter -->
<testsuite ignored="2" hostname="DESKTOP-A4C41UP" failures="0" tests="6" name="TestRunner=Chrome" time="147.53" errors="0" timestamp="2024-05-15T17:30:58 IST">
  <testcase classname="com.comcast.crm.orgtest.CreateOrganizationAllBaseClassTest" name="CreateOrganizationsPage" time="14.044"/>
  <testcase classname="com.comcast.crm.orgtest.CreateOrganizationAllBaseClassTest" name="CreatingNewOrganizationPagewithIndustry" time="15.372"/>
  <testcase classname="com.comcast.crm.orgtest.CreateOrganizationAllBaseClassTest" name="CreatingNewOrganizationPagewithPhonenum" time="14.883"/>
  <testcase classname="com.comcast.crm.contacttest.CreateContactAllBaseClassTest" name="CreateContactTest" time="13.447"/>
  <testcase classname="com.comcast.crm.contacttest.CreateContactAllBaseClassTest" name="CreateContactWithOrganizationTest" time="30.424"/>
  <testcase classname="com.comcast.crm.contacttest.CreateContactAllBaseClassTest" name="CreateContactWithSupportDateTest" time="15.678"/>
  <testcase classname="com.comcast.crm.basetest.BaseClassTest" name="@BeforeSuite configBS" time="0.0">
    <ignored/>
  </testcase> <!-- @BeforeSuite configBS -->
  <testcase classname="com.comcast.crm.basetest.BaseClassTest" name="@AfterSuite configAS" time="0.0">
    <ignored/>
  </testcase> <!-- @AfterSuite configAS -->
</testsuite> <!-- TestRunner=Chrome -->
