<?xml version="1.0" encoding="UTF-8"?>
<testng-results ignored="0" total="3" passed="3" failed="0" skipped="0">
  <reporter-output>
  </reporter-output>
  <suite started-at="2024-05-28T18:19:15 IST" name="Default suite" finished-at="2024-05-28T18:20:09 IST" duration-ms="54963">
    <groups>
      <group name="SmokeTest">
        <method signature="CreateOrganizationAllBaseClassTest.CreateOrganizationsPage()[pri:0, instance:com.comcast.crm.orgtest.CreateOrganizationAllBaseClassTest@6989da5e]" name="CreateOrganizationsPage" class="com.comcast.crm.orgtest.CreateOrganizationAllBaseClassTest"/>
      </group> <!-- SmokeTest -->
      <group name="RegressionTest">
        <method signature="CreateOrganizationAllBaseClassTest.CreatingNewOrganizationPagewithIndustry()[pri:0, instance:com.comcast.crm.orgtest.CreateOrganizationAllBaseClassTest@6989da5e]" name="CreatingNewOrganizationPagewithIndustry" class="com.comcast.crm.orgtest.CreateOrganizationAllBaseClassTest"/>
        <method signature="CreateOrganizationAllBaseClassTest.CreatingNewOrganizationPagewithPhonenum()[pri:0, instance:com.comcast.crm.orgtest.CreateOrganizationAllBaseClassTest@6989da5e]" name="CreatingNewOrganizationPagewithPhonenum" class="com.comcast.crm.orgtest.CreateOrganizationAllBaseClassTest"/>
      </group> <!-- RegressionTest -->
    </groups>
    <test started-at="2024-05-28T18:19:15 IST" name="Default test" finished-at="2024-05-28T18:20:09 IST" duration-ms="54963">
      <class name="com.comcast.crm.orgtest.CreateOrganizationAllBaseClassTest">
        <test-method is-config="true" signature="configBS()[pri:0, instance:com.comcast.crm.orgtest.CreateOrganizationAllBaseClassTest@6989da5e]" started-at="2024-05-28T18:19:14 IST" name="configBS" finished-at="2024-05-28T18:19:15 IST" duration-ms="452" status="PASS">
          <reporter-output>
          </reporter-output>
        </test-method> <!-- configBS -->
        <test-method is-config="true" signature="configBC()[pri:0, instance:com.comcast.crm.orgtest.CreateOrganizationAllBaseClassTest@6989da5e]" started-at="2024-05-28T18:19:15 IST" name="configBC" finished-at="2024-05-28T18:19:17 IST" duration-ms="2219" status="PASS">
          <reporter-output>
          </reporter-output>
        </test-method> <!-- configBC -->
        <test-method is-config="true" signature="configBM()[pri:0, instance:com.comcast.crm.orgtest.CreateOrganizationAllBaseClassTest@6989da5e]" started-at="2024-05-28T18:19:17 IST" name="configBM" finished-at="2024-05-28T18:19:21 IST" duration-ms="4064" status="PASS">
          <reporter-output>
          </reporter-output>
        </test-method> <!-- configBM -->
        <test-method signature="CreateOrganizationsPage()[pri:0, instance:com.comcast.crm.orgtest.CreateOrganizationAllBaseClassTest@6989da5e]" started-at="2024-05-28T18:19:21 IST" name="CreateOrganizationsPage" finished-at="2024-05-28T18:19:33 IST" duration-ms="11812" status="PASS">
          <reporter-output>
          </reporter-output>
        </test-method> <!-- CreateOrganizationsPage -->
        <test-method is-config="true" signature="configAM()[pri:0, instance:com.comcast.crm.orgtest.CreateOrganizationAllBaseClassTest@6989da5e]" started-at="2024-05-28T18:19:33 IST" name="configAM" finished-at="2024-05-28T18:19:34 IST" duration-ms="1805" status="PASS">
          <reporter-output>
          </reporter-output>
        </test-method> <!-- configAM -->
        <test-method is-config="true" signature="configBM()[pri:0, instance:com.comcast.crm.orgtest.CreateOrganizationAllBaseClassTest@6989da5e]" started-at="2024-05-28T18:19:34 IST" name="configBM" finished-at="2024-05-28T18:19:38 IST" duration-ms="3405" status="PASS">
          <reporter-output>
          </reporter-output>
        </test-method> <!-- configBM -->
        <test-method signature="CreatingNewOrganizationPagewithIndustry()[pri:0, instance:com.comcast.crm.orgtest.CreateOrganizationAllBaseClassTest@6989da5e]" started-at="2024-05-28T18:19:38 IST" name="CreatingNewOrganizationPagewithIndustry" finished-at="2024-05-28T18:19:50 IST" duration-ms="12145" status="PASS">
          <reporter-output>
          </reporter-output>
        </test-method> <!-- CreatingNewOrganizationPagewithIndustry -->
        <test-method is-config="true" signature="configAM()[pri:0, instance:com.comcast.crm.orgtest.CreateOrganizationAllBaseClassTest@6989da5e]" started-at="2024-05-28T18:19:50 IST" name="configAM" finished-at="2024-05-28T18:19:52 IST" duration-ms="1884" status="PASS">
          <reporter-output>
          </reporter-output>
        </test-method> <!-- configAM -->
        <test-method is-config="true" signature="configBM()[pri:0, instance:com.comcast.crm.orgtest.CreateOrganizationAllBaseClassTest@6989da5e]" started-at="2024-05-28T18:19:52 IST" name="configBM" finished-at="2024-05-28T18:19:56 IST" duration-ms="3846" status="PASS">
          <reporter-output>
          </reporter-output>
        </test-method> <!-- configBM -->
        <test-method signature="CreatingNewOrganizationPagewithPhonenum()[pri:0, instance:com.comcast.crm.orgtest.CreateOrganizationAllBaseClassTest@6989da5e]" started-at="2024-05-28T18:19:56 IST" name="CreatingNewOrganizationPagewithPhonenum" finished-at="2024-05-28T18:20:08 IST" duration-ms="11795" status="PASS">
          <reporter-output>
          </reporter-output>
        </test-method> <!-- CreatingNewOrganizationPagewithPhonenum -->
        <test-method is-config="true" signature="configAM()[pri:0, instance:com.comcast.crm.orgtest.CreateOrganizationAllBaseClassTest@6989da5e]" started-at="2024-05-28T18:20:08 IST" name="configAM" finished-at="2024-05-28T18:20:09 IST" duration-ms="1629" status="PASS">
          <reporter-output>
          </reporter-output>
        </test-method> <!-- configAM -->
        <test-method is-config="true" signature="configAC()[pri:0, instance:com.comcast.crm.orgtest.CreateOrganizationAllBaseClassTest@6989da5e]" started-at="2024-05-28T18:20:09 IST" name="configAC" finished-at="2024-05-28T18:20:09 IST" duration-ms="319" status="PASS">
          <reporter-output>
          </reporter-output>
        </test-method> <!-- configAC -->
        <test-method is-config="true" signature="configAS()[pri:0, instance:com.comcast.crm.orgtest.CreateOrganizationAllBaseClassTest@6989da5e]" started-at="2024-05-28T18:20:10 IST" name="configAS" finished-at="2024-05-28T18:20:10 IST" duration-ms="15" status="PASS">
          <reporter-output>
          </reporter-output>
        </test-method> <!-- configAS -->
      </class> <!-- com.comcast.crm.orgtest.CreateOrganizationAllBaseClassTest -->
    </test> <!-- Default test -->
  </suite> <!-- Default suite -->
</testng-results>
